\BOOKMARK [0][-]{chapter.1}{\376\377\116\206\211\343\000S\000Q\000L}{}% 1
\BOOKMARK [1][-]{section.1.1}{\376\377\145\160\143\156\136\223\127\372\170\100}{chapter.1}% 2
\BOOKMARK [2][-]{subsection.1.1.1}{\376\377\145\160\143\156\136\223}{section.1.1}% 3
\BOOKMARK [2][-]{subsection.1.1.2}{\376\377\210\150}{section.1.1}% 4
\BOOKMARK [2][-]{subsection.1.1.3}{\376\377\122\027\124\214\145\160\143\156\174\173\127\213}{section.1.1}% 5
\BOOKMARK [2][-]{subsection.1.1.4}{\376\377\210\114}{section.1.1}% 6
\BOOKMARK [2][-]{subsection.1.1.5}{\376\377\116\073\225\056}{section.1.1}% 7
\BOOKMARK [1][-]{section.1.2}{\376\377\116\300\116\110\146\057\000S\000Q\000L}{chapter.1}% 8
\BOOKMARK [1][-]{section.1.3}{\376\377\000s\000q\000l\166\204\124\057\122\250\000/\217\320\210\114}{chapter.1}% 9
\BOOKMARK [0][-]{chapter.2}{\376\377\150\300\175\042\145\160\143\156}{}% 10
\BOOKMARK [1][-]{section.2.1}{\376\377\000S\000E\000L\000E\000C\000T\213\355\123\345}{chapter.2}% 11
\BOOKMARK [1][-]{section.2.2}{\376\377\150\300\175\042\123\125\116\052\122\027}{chapter.2}% 12
\BOOKMARK [1][-]{section.2.3}{\376\377\150\300\175\042\131\032\116\052\122\027}{chapter.2}% 13
\BOOKMARK [1][-]{section.2.4}{\376\377\150\300\175\042\142\100\147\011\122\027}{chapter.2}% 14
\BOOKMARK [1][-]{section.2.5}{\376\377\150\300\175\042\116\015\124\014\166\204\120\074}{chapter.2}% 15
\BOOKMARK [1][-]{section.2.6}{\376\377\226\120\122\066\176\323\147\234}{chapter.2}% 16
\BOOKMARK [1][-]{section.2.7}{\376\377\117\177\165\050\154\350\221\312}{chapter.2}% 17
\BOOKMARK [0][-]{chapter.3}{\376\377\143\222\136\217\150\300\175\042\145\160\143\156}{}% 18
\BOOKMARK [1][-]{section.3.1}{\376\377\143\222\136\217\145\160\143\156}{chapter.3}% 19
\BOOKMARK [1][-]{section.3.2}{\376\377\143\011\131\032\116\052\122\027\143\222\136\217}{chapter.3}% 20
\BOOKMARK [1][-]{section.3.3}{\376\377\143\011\122\027\117\115\177\156\143\222\136\217}{chapter.3}% 21
\BOOKMARK [1][-]{section.3.4}{\376\377\143\007\133\232\143\222\136\217\145\271\124\021}{chapter.3}% 22
\BOOKMARK [0][-]{chapter.4}{\376\377\217\307\156\344\145\160\143\156}{}% 23
\BOOKMARK [1][-]{section.4.1}{\376\377\117\177\165\050\000w\000h\000e\000r\000e\133\120\123\345}{chapter.4}% 24
\BOOKMARK [1][-]{section.4.2}{\376\377\000w\000h\000e\000r\000e\133\120\123\345\144\315\117\134\173\046}{chapter.4}% 25
\BOOKMARK [2][-]{subsection.4.2.1}{\376\377\150\300\147\345\123\125\116\052\120\074}{section.4.2}% 26
\BOOKMARK [2][-]{subsection.4.2.2}{\376\377\150\300\147\345\123\125\116\052\120\074}{section.4.2}% 27
\BOOKMARK [2][-]{subsection.4.2.3}{\376\377\203\003\126\364\120\074\150\300\147\345}{section.4.2}% 28
\BOOKMARK [2][-]{subsection.4.2.4}{\376\377\172\172\120\074\150\300\147\345}{section.4.2}% 29
\BOOKMARK [0][-]{chapter.5}{\376\377\232\330\176\247\145\160\143\156\217\307\156\344}{}% 30
\BOOKMARK [1][-]{section.5.1}{\376\377\176\304\124\010\000w\000h\000e\000r\000e\133\120\123\345}{chapter.5}% 31
\BOOKMARK [2][-]{subsection.5.1.1}{\376\377\000a\000n\000d\144\315\117\134\173\046}{section.5.1}% 32
\BOOKMARK [2][-]{subsection.5.1.2}{\376\377\000o\000r\144\315\117\134\173\046}{section.5.1}% 33
\BOOKMARK [2][-]{subsection.5.1.3}{\376\377\154\102\120\074\230\172\136\217}{section.5.1}% 34
\BOOKMARK [1][-]{section.5.2}{\376\377\000i\000n\144\315\117\134\173\046}{chapter.5}% 35
\BOOKMARK [1][-]{section.5.3}{\376\377\000n\000o\000t\144\315\117\134\173\046}{chapter.5}% 36
\BOOKMARK [0][-]{chapter.6}{\376\377\165\050\220\032\221\115\173\046\217\333\210\114\217\307\156\344}{}% 37
\BOOKMARK [1][-]{section.6.1}{\376\377\000l\000i\000k\000e\144\315\117\134\173\046}{chapter.6}% 38
\BOOKMARK [2][-]{subsection.6.1.1}{\376\377\166\176\122\006\123\367\000\045\220\032\221\115\173\046}{section.6.1}% 39
\BOOKMARK [2][-]{subsection.6.1.2}{\376\377\116\013\122\022\176\277\000\137\220\032\221\115\173\046}{section.6.1}% 40
\BOOKMARK [2][-]{subsection.6.1.3}{\376\377\145\271\142\354\123\367\000[\000\040\000]\220\032\221\115\173\046}{section.6.1}% 41
\BOOKMARK [1][-]{section.6.2}{\376\377\117\177\165\050\220\032\221\115\173\046\166\204\142\200\135\347}{chapter.6}% 42
\BOOKMARK [0][-]{chapter.7}{\376\377\122\033\136\372\213\241\173\227\133\127\153\265}{}% 43
\BOOKMARK [1][-]{section.7.1}{\376\377\213\241\173\227\133\127\153\265}{chapter.7}% 44
\BOOKMARK [1][-]{section.7.2}{\376\377\142\374\143\245\133\127\153\265}{chapter.7}% 45
\BOOKMARK [2][-]{subsection.7.2.1}{\376\377\117\177\165\050\122\053\124\015}{section.7.2}% 46
\BOOKMARK [1][-]{section.7.3}{\376\377\142\147\210\114\173\227\147\057\213\241\173\227}{chapter.7}% 47
\BOOKMARK [0][-]{chapter.8}{\376\377\117\177\165\050\121\375\145\160\131\004\164\006\145\160\143\156}{}% 48
\BOOKMARK [1][-]{section.8.1}{\376\377\121\375\145\160}{chapter.8}% 49
\BOOKMARK [2][-]{subsection.8.1.1}{\376\377\121\375\145\160\136\046\147\145\166\204\225\356\230\230}{section.8.1}% 50
\BOOKMARK [1][-]{section.8.2}{\376\377\117\177\165\050\121\375\145\160}{chapter.8}% 51
\BOOKMARK [2][-]{subsection.8.2.1}{\376\377\145\207\147\054\131\004\164\006\121\375\145\160}{section.8.2}% 52
\BOOKMARK [2][-]{subsection.8.2.2}{\376\377\145\345\147\037\124\214\145\366\225\364\131\004\164\006\121\375\145\160}{section.8.2}% 53
